<?xml version="1.0" encoding="UTF-8"?>
<testsuite xmlns:xsi="http://www.w3.org/2001/XMLSchema-instance" xsi:schemaLocation="https://maven.apache.org/surefire/maven-surefire-plugin/xsd/surefire-test-report.xsd" name="co.com.proyectobase.screenplay.runners.RunnerTags" time="1.764" tests="1" errors="1" skipped="0" failures="0">
  <properties>
[...]
</properties>
  <testcase name="initializationError" classname="co.com.proyectobase.screenplay.runners.RunnerTags" time="0.016">
    <error message="gherkin.ParserException$CompositeParserException: Parser errors:&#10;(4:2): expected: #TagLine, #FeatureLine, #Comment, #Empty, got &apos;Caracteristica:Traductor de Google&apos;&#10;(5:6): expected: #TagLine, #FeatureLine, #Comment, #Empty, got &apos;Como usuario&apos;&#10;(6:6): expected: #TagLine, #FeatureLine, #Comment, #Empty, got &apos;Quiero ingresar al traductor de Google&apos;&#10;(7:6): expected: #TagLine, #FeatureLine, #Comment, #Empty, got &apos;A Traducir palabras en diferentes lenguajes&apos;&#10;(9:3): expected: #TagLine, #FeatureLine, #Comment, #Empty, got &apos;Escenario: Traducir de Ingles a Español&apos;&#10;(10:4): expected: #TagLine, #FeatureLine, #Comment, #Empty, got &apos;Dado que Rafa quiere usar el Traductor de Google&apos;&#10;(11:4): expected: #TagLine, #FeatureLine, #Comment, #Empty, got &apos;Cuando el traduce la palabra table de Ingles a Español&apos;&#10;(12:5): expected: #TagLine, #FeatureLine, #Comment, #Empty, got &apos;Entonces el deberia ver la palabra mesa en la pantalla&apos;&#10;(16:0): unexpected end of file, expected: #TagLine, #FeatureLine, #Comment, #Empty" type="cucumber.runtime.CucumberException">cucumber.runtime.CucumberException: 
gherkin.ParserException$CompositeParserException: Parser errors:
(4:2): expected: #TagLine, #FeatureLine, #Comment, #Empty, got 'Caracteristica:Traductor de Google'
(5:6): expected: #TagLine, #FeatureLine, #Comment, #Empty, got 'Como usuario'
(6:6): expected: #TagLine, #FeatureLine, #Comment, #Empty, got 'Quiero ingresar al traductor de Google'
(7:6): expected: #TagLine, #FeatureLine, #Comment, #Empty, got 'A Traducir palabras en diferentes lenguajes'
(9:3): expected: #TagLine, #FeatureLine, #Comment, #Empty, got 'Escenario: Traducir de Ingles a Español'
(10:4): expected: #TagLine, #FeatureLine, #Comment, #Empty, got 'Dado que Rafa quiere usar el Traductor de Google'
(11:4): expected: #TagLine, #FeatureLine, #Comment, #Empty, got 'Cuando el traduce la palabra table de Ingles a Español'
(12:5): expected: #TagLine, #FeatureLine, #Comment, #Empty, got 'Entonces el deberia ver la palabra mesa en la pantalla'
(16:0): unexpected end of file, expected: #TagLine, #FeatureLine, #Comment, #Empty
Caused by: gherkin.ParserException$CompositeParserException: 
Parser errors:
(4:2): expected: #TagLine, #FeatureLine, #Comment, #Empty, got 'Caracteristica:Traductor de Google'
(5:6): expected: #TagLine, #FeatureLine, #Comment, #Empty, got 'Como usuario'
(6:6): expected: #TagLine, #FeatureLine, #Comment, #Empty, got 'Quiero ingresar al traductor de Google'
(7:6): expected: #TagLine, #FeatureLine, #Comment, #Empty, got 'A Traducir palabras en diferentes lenguajes'
(9:3): expected: #TagLine, #FeatureLine, #Comment, #Empty, got 'Escenario: Traducir de Ingles a Español'
(10:4): expected: #TagLine, #FeatureLine, #Comment, #Empty, got 'Dado que Rafa quiere usar el Traductor de Google'
(11:4): expected: #TagLine, #FeatureLine, #Comment, #Empty, got 'Cuando el traduce la palabra table de Ingles a Español'
(12:5): expected: #TagLine, #FeatureLine, #Comment, #Empty, got 'Entonces el deberia ver la palabra mesa en la pantalla'
(16:0): unexpected end of file, expected: #TagLine, #FeatureLine, #Comment, #Empty
</error>
  </testcase>
</testsuite>